nohup: no se tendrá en cuenta la entrada

> psychoai-backend@0.1.0 start:dev
> nest start --watch

[2J[3J[H[[90m22:01:41[0m] Starting compilation in watch mode...

[96mscripts/repro_session_completion.ts[0m:[93m23[0m:[93m13[0m - [91merror[0m[90m TS2353: [0mObject literal may only specify known properties, and 'firstName' does not exist in type '(Without<ClientCreateInput, ClientUncheckedCreateInput> & ClientUncheckedCreateInput) | (Without<...> & ClientCreateInput)'.

[7m23[0m             firstName: 'Test',
[7m  [0m [91m            ~~~~~~~~~[0m

  [96mnode_modules/.prisma/client/index.d.ts[0m:[93m6772[0m:[93m5[0m
    [7m6772[0m     data: XOR<ClientCreateInput, ClientUncheckedCreateInput>
    [7m    [0m [96m    ~~~~[0m
    The expected type comes from property 'data' which is declared here on type '{ select?: ClientSelect<DefaultArgs>; include?: ClientInclude<DefaultArgs>; data: (Without<ClientCreateInput, ClientUncheckedCreateInput> & ClientUncheckedCreateInput) | (Without<...> & ClientCreateInput); }'

[[90m22:01:58[0m] Found 1 error. Watching for file changes.

[2J[3J[H[[90m22:02:01[0m] File change detected. Starting incremental compilation...


<--- Last few GCs --->

[87788:0x302d50b0]    26095 ms: Scavenge (reduce) 2041.2 (2080.3) -> 2040.5 (2080.6) MB, 2.99 / 0.00 ms  (average mu = 0.101, current mu = 0.004) allocation failure; 
[87788:0x302d50b0]    26100 ms: Scavenge (reduce) 2041.4 (2080.6) -> 2041.1 (2080.6) MB, 3.21 / 0.00 ms  (average mu = 0.101, current mu = 0.004) allocation failure; 
[87788:0x302d50b0]    26104 ms: Scavenge (reduce) 2041.6 (2080.6) -> 2041.5 (2081.3) MB, 3.46 / 0.00 ms  (average mu = 0.101, current mu = 0.004) allocation failure; 


<--- JS stacktrace --->

FATAL ERROR: Ineffective mark-compacts near heap limit Allocation failed - JavaScript heap out of memory
----- Native stack trace -----

 1: 0xb76dc5 node::OOMErrorHandler(char const*, v8::OOMDetails const&) [node]
 2: 0xee6120 v8::Utils::ReportOOMFailure(v8::internal::Isolate*, char const*, v8::OOMDetails const&) [node]
 3: 0xee6407 v8::internal::V8::FatalProcessOutOfMemory(v8::internal::Isolate*, char const*, v8::OOMDetails const&) [node]
 4: 0x10f8055  [node]
 5: 0x10f85e4 v8::internal::Heap::RecomputeLimits(v8::internal::GarbageCollector) [node]
 6: 0x110f4d4 v8::internal::Heap::PerformGarbageCollection(v8::internal::GarbageCollector, v8::internal::GarbageCollectionReason, char const*) [node]
 7: 0x110fcec v8::internal::Heap::CollectGarbage(v8::internal::AllocationSpace, v8::internal::GarbageCollectionReason, v8::GCCallbackFlags) [node]
 8: 0x10e5ff1 v8::internal::HeapAllocator::AllocateRawWithLightRetrySlowPath(int, v8::internal::AllocationType, v8::internal::AllocationOrigin, v8::internal::AllocationAlignment) [node]
 9: 0x10e7185 v8::internal::HeapAllocator::AllocateRawWithRetryOrFailSlowPath(int, v8::internal::AllocationType, v8::internal::AllocationOrigin, v8::internal::AllocationAlignment) [node]
10: 0x10c38a6 v8::internal::Factory::AllocateRaw(int, v8::internal::AllocationType, v8::internal::AllocationAlignment) [node]
11: 0x10b54d4 v8::internal::FactoryBase<v8::internal::Factory>::AllocateRawWithImmortalMap(int, v8::internal::AllocationType, v8::internal::Map, v8::internal::AllocationAlignment) [node]
12: 0x10b87e7 v8::internal::FactoryBase<v8::internal::Factory>::NewRawTwoByteString(int, v8::internal::AllocationType) [node]
13: 0x157694c v8::internal::IncrementalStringBuilder::Extend() [node]
14: 0x123a368 v8::internal::JsonStringifier::Result v8::internal::JsonStringifier::Serialize_<false>(v8::internal::Handle<v8::internal::Object>, bool, v8::internal::Handle<v8::internal::Object>) [node]
15: 0x1236fc4 v8::internal::JsonStringifier::Result v8::internal::JsonStringifier::Serialize_<true>(v8::internal::Handle<v8::internal::Object>, bool, v8::internal::Handle<v8::internal::Object>) [node]
16: 0x123a4f9 v8::internal::JsonStringifier::Result v8::internal::JsonStringifier::Serialize_<false>(v8::internal::Handle<v8::internal::Object>, bool, v8::internal::Handle<v8::internal::Object>) [node]
17: 0x123b2e6 v8::internal::JsonStringify(v8::internal::Isolate*, v8::internal::Handle<v8::internal::Object>, v8::internal::Handle<v8::internal::Object>, v8::internal::Handle<v8::internal::Object>) [node]
18: 0xf78222 v8::internal::Builtin_JsonStringify(int, unsigned long*, v8::internal::Isolate*) [node]
19: 0x1959df6  [node]
Aborted (core dumped)
